{"name": "Проверка увеличения счетчика заказов за все время/за день при создании нового заказа", "status": "broken", "statusDetails": {"message": "selenium.common.exceptions.TimeoutException: Message:", "trace": "self = <tests.test_feed_page.TestFeedPage object at 0x0000013F430CE150>\nfeed_page = <pages.feed_page.FeedPage object at 0x0000013F435191F0>\nresponse_customer = (<Response [200]>, 'Bearer eyJhbGciOiJIUzI1NiIsInR5cCI6IkpXVCJ9.eyJpZCI6IjY2ZTkxMThjOWVkMjgwMDAxYjRiYjVjMiIsImlhdCI6MT...Iv3FA-zBcz0mD2W_22OSvzFGY2KZS2I7fTa3uPTQ', {'email': 'exubxukp@yandex.ru', 'name': 'akvsgipx', 'password': 'namjkjag'})\nlocator_counter = ('xpath', '//*[contains(@class, \"text_type_main-medium\") and text()=\"Выполнено за сегодня:\"]/following-sibling::p')\n\n    @allure.title('Проверка увеличения счетчика заказов за все время/за день при создании нового заказа')\n    @allure.description('В ленте заказов находим счетчик и сохраняем его значение в переменную, формируем заказ, переходим в ленту, берем значение счетчика и сравниваем')\n    @pytest.mark.parametrize('locator_counter', [FeedPageLocators.TOTAL_ORDERS, FeedPageLocators.TOTAL_ORDERS_TODAY])\n    def test_increasing_order_counter_total(self, feed_page, response_customer, locator_counter):\n>       counter_value = feed_page.comparison_counters(locator_counter)\n\ntests\\test_feed_page.py:21: \n_ _ _ _ _ _ _ _ _ _ _ _ _ _ _ _ _ _ _ _ _ _ _ _ _ _ _ _ _ _ _ _ _ _ _ _ _ _ _ _ _ _ _ _ _ _ _ _ _ _ _ _ _ _ _ _ _ _ _ _ _ _ _ _ _ _ \npages\\feed_page.py:53: in comparison_counters\n    self.waiting_for_text_to_change(MainPageLocators.NUMBER_ORDER, '9999') # ждем отображения номера заказа\npages\\base_page.py:25: in waiting_for_text_to_change\n    WebDriverWait(self.driver, PAUSE).until_not((expected_conditions.text_to_be_present_in_element(locator, text)))\n_ _ _ _ _ _ _ _ _ _ _ _ _ _ _ _ _ _ _ _ _ _ _ _ _ _ _ _ _ _ _ _ _ _ _ _ _ _ _ _ _ _ _ _ _ _ _ _ _ _ _ _ _ _ _ _ _ _ _ _ _ _ _ _ _ _ \n\nself = <selenium.webdriver.support.wait.WebDriverWait (session=\"fd36ce71-0f79-497b-a14f-66b8f13ddc5b\")>\nmethod = <function text_to_be_present_in_element.<locals>._predicate at 0x0000013F435422A0>, message = ''\n\n    def until_not(self, method: Callable[[D], T], message: str = \"\") -> Union[T, Literal[True]]:\n        \"\"\"Calls the method provided with the driver as an argument until the \\\n        return value evaluates to ``False``.\n    \n        :param method: callable(WebDriver)\n        :param message: optional message for :exc:`TimeoutException`\n        :returns: the result of the last call to `method`, or\n                  ``True`` if `method` has raised one of the ignored exceptions\n        :raises: :exc:`selenium.common.exceptions.TimeoutException` if timeout occurs\n        \"\"\"\n        end_time = time.monotonic() + self._timeout\n        while True:\n            try:\n                value = method(self._driver)\n                if not value:\n                    return value\n            except self._ignored_exceptions:\n                return True\n            time.sleep(self._poll)\n            if time.monotonic() > end_time:\n                break\n>       raise TimeoutException(message)\nE       selenium.common.exceptions.TimeoutException: Message:\n\nvenv\\Lib\\site-packages\\selenium\\webdriver\\support\\wait.py:128: TimeoutException"}, "description": "В ленте заказов находим счетчик и сохраняем его значение в переменную, формируем заказ, переходим в ленту, берем значение счетчика и сравниваем", "steps": [{"name": "Сравнение значения счетчика до создания заказа и после", "status": "broken", "statusDetails": {"message": "selenium.common.exceptions.TimeoutException: Message: \n\n", "trace": "  File \"C:\\Users\\User\\PycharmProjects\\Diplom\\Diplom_3\\venv\\Lib\\site-packages\\allure_commons\\_allure.py\", line 192, in impl\n    return func(*a, **kw)\n           ^^^^^^^^^^^^^^\n  File \"C:\\Users\\User\\PycharmProjects\\Diplom\\Diplom_3\\pages\\feed_page.py\", line 53, in comparison_counters\n    self.waiting_for_text_to_change(MainPageLocators.NUMBER_ORDER, '9999') # ждем отображения номера заказа\n    ^^^^^^^^^^^^^^^^^^^^^^^^^^^^^^^^^^^^^^^^^^^^^^^^^^^^^^^^^^^^^^^^^^^^^^\n  File \"C:\\Users\\User\\PycharmProjects\\Diplom\\Diplom_3\\venv\\Lib\\site-packages\\allure_commons\\_allure.py\", line 192, in impl\n    return func(*a, **kw)\n           ^^^^^^^^^^^^^^\n  File \"C:\\Users\\User\\PycharmProjects\\Diplom\\Diplom_3\\pages\\base_page.py\", line 25, in waiting_for_text_to_change\n    WebDriverWait(self.driver, PAUSE).until_not((expected_conditions.text_to_be_present_in_element(locator, text)))\n  File \"C:\\Users\\User\\PycharmProjects\\Diplom\\Diplom_3\\venv\\Lib\\site-packages\\selenium\\webdriver\\support\\wait.py\", line 128, in until_not\n    raise TimeoutException(message)\n"}, "steps": [{"name": "Получение значения счетчика заказов", "status": "passed", "steps": [{"name": "Переход по кнопке на другую страницу", "status": "passed", "steps": [{"name": "Клик по элементу с обработкой исключения", "status": "passed", "steps": [{"name": "поиск элемента с нажатием на него", "status": "broken", "statusDetails": {"message": "selenium.common.exceptions.ElementClickInterceptedException: Message: Element <p class=\"AppHeader_header__linkText__3q_va ml-2\"> is not clickable at point (300,44) because another element <div class=\"Modal_modal_overlay__x2ZCr\"> obscures it\nStacktrace:\nRemoteError@chrome://remote/content/shared/RemoteError.sys.mjs:8:8\nWebDriverError@chrome://remote/content/shared/webdriver/Errors.sys.mjs:193:5\nElementClickInterceptedError@chrome://remote/content/shared/webdriver/Errors.sys.mjs:337:5\nwebdriverClickElement@chrome://remote/content/marionette/interaction.sys.mjs:177:11\ninteraction.clickElement@chrome://remote/content/marionette/interaction.sys.mjs:136:11\nclickElement@chrome://remote/content/marionette/actors/MarionetteCommandsChild.sys.mjs:205:29\nreceiveMessage@chrome://remote/content/marionette/actors/MarionetteCommandsChild.sys.mjs:85:31\n\n", "trace": "  File \"C:\\Users\\User\\PycharmProjects\\Diplom\\Diplom_3\\venv\\Lib\\site-packages\\allure_commons\\_allure.py\", line 192, in impl\n    return func(*a, **kw)\n           ^^^^^^^^^^^^^^\n  File \"C:\\Users\\User\\PycharmProjects\\Diplom\\Diplom_3\\pages\\base_page.py\", line 30, in click_to_element\n    self.find_element_with_wait(locator).click()\n  File \"C:\\Users\\User\\PycharmProjects\\Diplom\\Diplom_3\\venv\\Lib\\site-packages\\selenium\\webdriver\\remote\\webelement.py\", line 94, in click\n    self._execute(Command.CLICK_ELEMENT)\n  File \"C:\\Users\\User\\PycharmProjects\\Diplom\\Diplom_3\\venv\\Lib\\site-packages\\selenium\\webdriver\\remote\\webelement.py\", line 395, in _execute\n    return self._parent.execute(command, params)\n           ^^^^^^^^^^^^^^^^^^^^^^^^^^^^^^^^^^^^^\n  File \"C:\\Users\\User\\PycharmProjects\\Diplom\\Diplom_3\\venv\\Lib\\site-packages\\selenium\\webdriver\\remote\\webdriver.py\", line 354, in execute\n    self.error_handler.check_response(response)\n  File \"C:\\Users\\User\\PycharmProjects\\Diplom\\Diplom_3\\venv\\Lib\\site-packages\\selenium\\webdriver\\remote\\errorhandler.py\", line 229, in check_response\n    raise exception_class(message, screen, stacktrace)\n"}, "steps": [{"name": "Поиск элемента с ожиданием", "status": "passed", "parameters": [{"name": "locator", "value": "('xpath', './/p[text()=\"Лента Заказов\"]')"}], "start": 1726550415151, "stop": 1726550415187}], "parameters": [{"name": "locator", "value": "('xpath', './/p[text()=\"Лента Заказов\"]')"}], "start": 1726550415151, "stop": 1726550415197}, {"name": "поиск элемента с нажатием на него", "status": "broken", "statusDetails": {"message": "selenium.common.exceptions.ElementClickInterceptedException: Message: Element <p class=\"AppHeader_header__linkText__3q_va ml-2\"> is not clickable at point (300,44) because another element <div class=\"Modal_modal_overlay__x2ZCr\"> obscures it\nStacktrace:\nRemoteError@chrome://remote/content/shared/RemoteError.sys.mjs:8:8\nWebDriverError@chrome://remote/content/shared/webdriver/Errors.sys.mjs:193:5\nElementClickInterceptedError@chrome://remote/content/shared/webdriver/Errors.sys.mjs:337:5\nwebdriverClickElement@chrome://remote/content/marionette/interaction.sys.mjs:177:11\ninteraction.clickElement@chrome://remote/content/marionette/interaction.sys.mjs:136:11\nclickElement@chrome://remote/content/marionette/actors/MarionetteCommandsChild.sys.mjs:205:29\nreceiveMessage@chrome://remote/content/marionette/actors/MarionetteCommandsChild.sys.mjs:85:31\n\n", "trace": "  File \"C:\\Users\\User\\PycharmProjects\\Diplom\\Diplom_3\\venv\\Lib\\site-packages\\allure_commons\\_allure.py\", line 192, in impl\n    return func(*a, **kw)\n           ^^^^^^^^^^^^^^\n  File \"C:\\Users\\User\\PycharmProjects\\Diplom\\Diplom_3\\pages\\base_page.py\", line 30, in click_to_element\n    self.find_element_with_wait(locator).click()\n  File \"C:\\Users\\User\\PycharmProjects\\Diplom\\Diplom_3\\venv\\Lib\\site-packages\\selenium\\webdriver\\remote\\webelement.py\", line 94, in click\n    self._execute(Command.CLICK_ELEMENT)\n  File \"C:\\Users\\User\\PycharmProjects\\Diplom\\Diplom_3\\venv\\Lib\\site-packages\\selenium\\webdriver\\remote\\webelement.py\", line 395, in _execute\n    return self._parent.execute(command, params)\n           ^^^^^^^^^^^^^^^^^^^^^^^^^^^^^^^^^^^^^\n  File \"C:\\Users\\User\\PycharmProjects\\Diplom\\Diplom_3\\venv\\Lib\\site-packages\\selenium\\webdriver\\remote\\webdriver.py\", line 354, in execute\n    self.error_handler.check_response(response)\n  File \"C:\\Users\\User\\PycharmProjects\\Diplom\\Diplom_3\\venv\\Lib\\site-packages\\selenium\\webdriver\\remote\\errorhandler.py\", line 229, in check_response\n    raise exception_class(message, screen, stacktrace)\n"}, "steps": [{"name": "Поиск элемента с ожиданием", "status": "passed", "parameters": [{"name": "locator", "value": "('xpath', './/p[text()=\"Лента Заказов\"]')"}], "start": 1726550415210, "stop": 1726550415231}], "parameters": [{"name": "locator", "value": "('xpath', './/p[text()=\"Лента Заказов\"]')"}], "start": 1726550415210, "stop": 1726550415237}, {"name": "поиск элемента с нажатием на него", "status": "broken", "statusDetails": {"message": "selenium.common.exceptions.ElementClickInterceptedException: Message: Element <p class=\"AppHeader_header__linkText__3q_va ml-2\"> is not clickable at point (300,44) because another element <div class=\"Modal_modal_overlay__x2ZCr\"> obscures it\nStacktrace:\nRemoteError@chrome://remote/content/shared/RemoteError.sys.mjs:8:8\nWebDriverError@chrome://remote/content/shared/webdriver/Errors.sys.mjs:193:5\nElementClickInterceptedError@chrome://remote/content/shared/webdriver/Errors.sys.mjs:337:5\nwebdriverClickElement@chrome://remote/content/marionette/interaction.sys.mjs:177:11\ninteraction.clickElement@chrome://remote/content/marionette/interaction.sys.mjs:136:11\nclickElement@chrome://remote/content/marionette/actors/MarionetteCommandsChild.sys.mjs:205:29\nreceiveMessage@chrome://remote/content/marionette/actors/MarionetteCommandsChild.sys.mjs:85:31\n\n", "trace": "  File \"C:\\Users\\User\\PycharmProjects\\Diplom\\Diplom_3\\venv\\Lib\\site-packages\\allure_commons\\_allure.py\", line 192, in impl\n    return func(*a, **kw)\n           ^^^^^^^^^^^^^^\n  File \"C:\\Users\\User\\PycharmProjects\\Diplom\\Diplom_3\\pages\\base_page.py\", line 30, in click_to_element\n    self.find_element_with_wait(locator).click()\n  File \"C:\\Users\\User\\PycharmProjects\\Diplom\\Diplom_3\\venv\\Lib\\site-packages\\selenium\\webdriver\\remote\\webelement.py\", line 94, in click\n    self._execute(Command.CLICK_ELEMENT)\n  File \"C:\\Users\\User\\PycharmProjects\\Diplom\\Diplom_3\\venv\\Lib\\site-packages\\selenium\\webdriver\\remote\\webelement.py\", line 395, in _execute\n    return self._parent.execute(command, params)\n           ^^^^^^^^^^^^^^^^^^^^^^^^^^^^^^^^^^^^^\n  File \"C:\\Users\\User\\PycharmProjects\\Diplom\\Diplom_3\\venv\\Lib\\site-packages\\selenium\\webdriver\\remote\\webdriver.py\", line 354, in execute\n    self.error_handler.check_response(response)\n  File \"C:\\Users\\User\\PycharmProjects\\Diplom\\Diplom_3\\venv\\Lib\\site-packages\\selenium\\webdriver\\remote\\errorhandler.py\", line 229, in check_response\n    raise exception_class(message, screen, stacktrace)\n"}, "steps": [{"name": "Поиск элемента с ожиданием", "status": "passed", "parameters": [{"name": "locator", "value": "('xpath', './/p[text()=\"Лента Заказов\"]')"}], "start": 1726550415250, "stop": 1726550415272}], "parameters": [{"name": "locator", "value": "('xpath', './/p[text()=\"Лента Заказов\"]')"}], "start": 1726550415250, "stop": 1726550415281}, {"name": "поиск элемента с нажатием на него", "status": "broken", "statusDetails": {"message": "selenium.common.exceptions.ElementClickInterceptedException: Message: Element <p class=\"AppHeader_header__linkText__3q_va ml-2\"> is not clickable at point (300,44) because another element <div class=\"Modal_modal_overlay__x2ZCr\"> obscures it\nStacktrace:\nRemoteError@chrome://remote/content/shared/RemoteError.sys.mjs:8:8\nWebDriverError@chrome://remote/content/shared/webdriver/Errors.sys.mjs:193:5\nElementClickInterceptedError@chrome://remote/content/shared/webdriver/Errors.sys.mjs:337:5\nwebdriverClickElement@chrome://remote/content/marionette/interaction.sys.mjs:177:11\ninteraction.clickElement@chrome://remote/content/marionette/interaction.sys.mjs:136:11\nclickElement@chrome://remote/content/marionette/actors/MarionetteCommandsChild.sys.mjs:205:29\nreceiveMessage@chrome://remote/content/marionette/actors/MarionetteCommandsChild.sys.mjs:85:31\n\n", "trace": "  File \"C:\\Users\\User\\PycharmProjects\\Diplom\\Diplom_3\\venv\\Lib\\site-packages\\allure_commons\\_allure.py\", line 192, in impl\n    return func(*a, **kw)\n           ^^^^^^^^^^^^^^\n  File \"C:\\Users\\User\\PycharmProjects\\Diplom\\Diplom_3\\pages\\base_page.py\", line 30, in click_to_element\n    self.find_element_with_wait(locator).click()\n  File \"C:\\Users\\User\\PycharmProjects\\Diplom\\Diplom_3\\venv\\Lib\\site-packages\\selenium\\webdriver\\remote\\webelement.py\", line 94, in click\n    self._execute(Command.CLICK_ELEMENT)\n  File \"C:\\Users\\User\\PycharmProjects\\Diplom\\Diplom_3\\venv\\Lib\\site-packages\\selenium\\webdriver\\remote\\webelement.py\", line 395, in _execute\n    return self._parent.execute(command, params)\n           ^^^^^^^^^^^^^^^^^^^^^^^^^^^^^^^^^^^^^\n  File \"C:\\Users\\User\\PycharmProjects\\Diplom\\Diplom_3\\venv\\Lib\\site-packages\\selenium\\webdriver\\remote\\webdriver.py\", line 354, in execute\n    self.error_handler.check_response(response)\n  File \"C:\\Users\\User\\PycharmProjects\\Diplom\\Diplom_3\\venv\\Lib\\site-packages\\selenium\\webdriver\\remote\\errorhandler.py\", line 229, in check_response\n    raise exception_class(message, screen, stacktrace)\n"}, "steps": [{"name": "Поиск элемента с ожиданием", "status": "passed", "parameters": [{"name": "locator", "value": "('xpath', './/p[text()=\"Лента Заказов\"]')"}], "start": 1726550415295, "stop": 1726550415312}], "parameters": [{"name": "locator", "value": "('xpath', './/p[text()=\"Лента Заказов\"]')"}], "start": 1726550415295, "stop": 1726550415318}, {"name": "поиск элемента с нажатием на него", "status": "broken", "statusDetails": {"message": "selenium.common.exceptions.ElementClickInterceptedException: Message: Element <p class=\"AppHeader_header__linkText__3q_va ml-2\"> is not clickable at point (300,44) because another element <div class=\"Modal_modal_overlay__x2ZCr\"> obscures it\nStacktrace:\nRemoteError@chrome://remote/content/shared/RemoteError.sys.mjs:8:8\nWebDriverError@chrome://remote/content/shared/webdriver/Errors.sys.mjs:193:5\nElementClickInterceptedError@chrome://remote/content/shared/webdriver/Errors.sys.mjs:337:5\nwebdriverClickElement@chrome://remote/content/marionette/interaction.sys.mjs:177:11\ninteraction.clickElement@chrome://remote/content/marionette/interaction.sys.mjs:136:11\nclickElement@chrome://remote/content/marionette/actors/MarionetteCommandsChild.sys.mjs:205:29\nreceiveMessage@chrome://remote/content/marionette/actors/MarionetteCommandsChild.sys.mjs:85:31\n\n", "trace": "  File \"C:\\Users\\User\\PycharmProjects\\Diplom\\Diplom_3\\venv\\Lib\\site-packages\\allure_commons\\_allure.py\", line 192, in impl\n    return func(*a, **kw)\n           ^^^^^^^^^^^^^^\n  File \"C:\\Users\\User\\PycharmProjects\\Diplom\\Diplom_3\\pages\\base_page.py\", line 30, in click_to_element\n    self.find_element_with_wait(locator).click()\n  File \"C:\\Users\\User\\PycharmProjects\\Diplom\\Diplom_3\\venv\\Lib\\site-packages\\selenium\\webdriver\\remote\\webelement.py\", line 94, in click\n    self._execute(Command.CLICK_ELEMENT)\n  File \"C:\\Users\\User\\PycharmProjects\\Diplom\\Diplom_3\\venv\\Lib\\site-packages\\selenium\\webdriver\\remote\\webelement.py\", line 395, in _execute\n    return self._parent.execute(command, params)\n           ^^^^^^^^^^^^^^^^^^^^^^^^^^^^^^^^^^^^^\n  File \"C:\\Users\\User\\PycharmProjects\\Diplom\\Diplom_3\\venv\\Lib\\site-packages\\selenium\\webdriver\\remote\\webdriver.py\", line 354, in execute\n    self.error_handler.check_response(response)\n  File \"C:\\Users\\User\\PycharmProjects\\Diplom\\Diplom_3\\venv\\Lib\\site-packages\\selenium\\webdriver\\remote\\errorhandler.py\", line 229, in check_response\n    raise exception_class(message, screen, stacktrace)\n"}, "steps": [{"name": "Поиск элемента с ожиданием", "status": "passed", "parameters": [{"name": "locator", "value": "('xpath', './/p[text()=\"Лента Заказов\"]')"}], "start": 1726550415329, "stop": 1726550415347}], "parameters": [{"name": "locator", "value": "('xpath', './/p[text()=\"Лента Заказов\"]')"}], "start": 1726550415329, "stop": 1726550415356}, {"name": "поиск элемента с нажатием на него", "status": "passed", "steps": [{"name": "Поиск элемента с ожиданием", "status": "passed", "parameters": [{"name": "locator", "value": "('xpath', './/p[text()=\"Лента Заказов\"]')"}], "start": 1726550415368, "stop": 1726550415388}], "parameters": [{"name": "locator", "value": "('xpath', './/p[text()=\"Лента Заказов\"]')"}], "start": 1726550415368, "stop": 1726550415605}], "parameters": [{"name": "button", "value": "('xpath', './/p[text()=\"Лента Заказов\"]')"}, {"name": "locator_exception", "value": "('xpath', './/*[@class=\"Modal_modal_overlay__x2ZCr\"]')"}], "start": 1726550415151, "stop": 1726550415605}, {"name": "Поиск элемента с ожиданием", "status": "passed", "parameters": [{"name": "locator", "value": "('xpath', './/div[contains(@class,\"OrderFeed_orderFeed__2RO\")]//h1[text()=\"Лента заказов\"]')"}], "start": 1726550415605, "stop": 1726550416132}], "parameters": [{"name": "button", "value": "('xpath', './/p[text()=\"Лента Заказов\"]')"}, {"name": "element", "value": "('xpath', './/div[contains(@class,\"OrderFeed_orderFeed__2RO\")]//h1[text()=\"Лента заказов\"]')"}, {"name": "locator_exception", "value": "('xpath', './/*[@class=\"Modal_modal_overlay__x2ZCr\"]')"}], "start": 1726550415151, "stop": 1726550416132}, {"name": "получение текста элемента", "status": "passed", "steps": [{"name": "Поиск элемента с ожиданием", "status": "passed", "parameters": [{"name": "locator", "value": "('xpath', '//*[contains(@class, \"text_type_main-medium\") and text()=\"Выполнено за сегодня:\"]/following-sibling::p')"}], "start": 1726550416132, "stop": 1726550416147}], "parameters": [{"name": "locator", "value": "('xpath', '//*[contains(@class, \"text_type_main-medium\") and text()=\"Выполнено за сегодня:\"]/following-sibling::p')"}], "start": 1726550416132, "stop": 1726550416155}], "parameters": [{"name": "locator_counter", "value": "('xpath', '//*[contains(@class, \"text_type_main-medium\") and text()=\"Выполнено за сегодня:\"]/following-sibling::p')"}], "start": 1726550415151, "stop": 1726550416155}, {"name": "Переход по кнопке на другую страницу", "status": "passed", "steps": [{"name": "Клик по элементу с обработкой исключения", "status": "passed", "steps": [{"name": "поиск элемента с нажатием на него", "status": "passed", "steps": [{"name": "Поиск элемента с ожиданием", "status": "passed", "parameters": [{"name": "locator", "value": "('xpath', './/a[@href=\"/\"]')"}], "start": 1726550416155, "stop": 1726550416175}], "parameters": [{"name": "locator", "value": "('xpath', './/a[@href=\"/\"]')"}], "start": 1726550416155, "stop": 1726550416405}], "parameters": [{"name": "button", "value": "('xpath', './/a[@href=\"/\"]')"}, {"name": "locator_exception", "value": "('xpath', './/*[@class=\"Modal_modal_overlay__x2ZCr\"]')"}], "start": 1726550416155, "stop": 1726550416405}, {"name": "Поиск элемента с ожиданием", "status": "passed", "parameters": [{"name": "locator", "value": "('xpath', './/h1[contains(@class, \"text\")]')"}], "start": 1726550416405, "stop": 1726550416423}], "parameters": [{"name": "button", "value": "('xpath', './/a[@href=\"/\"]')"}, {"name": "element", "value": "('xpath', './/h1[contains(@class, \"text\")]')"}, {"name": "locator_exception", "value": "('xpath', './/*[@class=\"Modal_modal_overlay__x2ZCr\"]')"}], "start": 1726550416155, "stop": 1726550416423}, {"name": "Формирование бургера", "status": "passed", "steps": [{"name": "Перетаскивание ингредиента", "status": "passed", "steps": [{"name": "Поиск элемента с ожиданием", "status": "passed", "parameters": [{"name": "locator", "value": "('xpath', '//a[@href=\"/ingredient/61c0c5a71d1f82001bdaaa6d\"]')"}], "start": 1726550416423, "stop": 1726550416439}, {"name": "Поиск элемента с ожиданием", "status": "passed", "parameters": [{"name": "locator", "value": "('xpath', './/ul[contains(@class, \"BurgerConstructor_basket__list\")]')"}], "start": 1726550416439, "stop": 1726550416456}], "parameters": [{"name": "locator_element", "value": "('xpath', '//a[@href=\"/ingredient/61c0c5a71d1f82001bdaaa6d\"]')"}, {"name": "locator_target", "value": "('xpath', './/ul[contains(@class, \"BurgerConstructor_basket__list\")]')"}], "start": 1726550416423, "stop": 1726550417028}, {"name": "скролл до элемента", "status": "passed", "steps": [{"name": "Поиск элемента с ожиданием", "status": "passed", "parameters": [{"name": "locator", "value": "('xpath', '//a[@href=\"/ingredient/61c0c5a71d1f82001bdaaa72\"]')"}], "start": 1726550417028, "stop": 1726550417056}], "parameters": [{"name": "locator", "value": "('xpath', '//a[@href=\"/ingredient/61c0c5a71d1f82001bdaaa72\"]')"}], "start": 1726550417028, "stop": 1726550417062}, {"name": "Перетаскивание ингредиента", "status": "passed", "steps": [{"name": "Поиск элемента с ожиданием", "status": "passed", "parameters": [{"name": "locator", "value": "('xpath', '//a[@href=\"/ingredient/61c0c5a71d1f82001bdaaa72\"]')"}], "start": 1726550417063, "stop": 1726550417084}, {"name": "Поиск элемента с ожиданием", "status": "passed", "parameters": [{"name": "locator", "value": "('xpath', './/ul[contains(@class, \"BurgerConstructor_basket__list\")]')"}], "start": 1726550417084, "stop": 1726550417101}], "parameters": [{"name": "locator_element", "value": "('xpath', '//a[@href=\"/ingredient/61c0c5a71d1f82001bdaaa72\"]')"}, {"name": "locator_target", "value": "('xpath', './/ul[contains(@class, \"BurgerConstructor_basket__list\")]')"}], "start": 1726550417062, "stop": 1726550417655}, {"name": "скролл до элемента", "status": "passed", "steps": [{"name": "Поиск элемента с ожиданием", "status": "passed", "parameters": [{"name": "locator", "value": "('xpath', '//a[@href=\"/ingredient/61c0c5a71d1f82001bdaaa6e\"]')"}], "start": 1726550417656, "stop": 1726550417672}], "parameters": [{"name": "locator", "value": "('xpath', '//a[@href=\"/ingredient/61c0c5a71d1f82001bdaaa6e\"]')"}], "start": 1726550417656, "stop": 1726550417677}, {"name": "Перетаскивание ингредиента", "status": "passed", "steps": [{"name": "Поиск элемента с ожиданием", "status": "passed", "parameters": [{"name": "locator", "value": "('xpath', '//a[@href=\"/ingredient/61c0c5a71d1f82001bdaaa6e\"]')"}], "start": 1726550417677, "stop": 1726550417696}, {"name": "Поиск элемента с ожиданием", "status": "passed", "parameters": [{"name": "locator", "value": "('xpath', './/ul[contains(@class, \"BurgerConstructor_basket__list\")]')"}], "start": 1726550417696, "stop": 1726550417713}], "parameters": [{"name": "locator_element", "value": "('xpath', '//a[@href=\"/ingredient/61c0c5a71d1f82001bdaaa6e\"]')"}, {"name": "locator_target", "value": "('xpath', './/ul[contains(@class, \"BurgerConstructor_basket__list\")]')"}], "start": 1726550417677, "stop": 1726550418284}, {"name": "поиск элемента с нажатием на него", "status": "passed", "steps": [{"name": "Поиск элемента с ожиданием", "status": "passed", "parameters": [{"name": "locator", "value": "('xpath', '.// button[text() = \"Оформить заказ\"]')"}], "start": 1726550418285, "stop": 1726550418313}], "parameters": [{"name": "locator", "value": "('xpath', '.// button[text() = \"Оформить заказ\"]')"}], "start": 1726550418284, "stop": 1726550418536}], "parameters": [{"name": "burger", "value": "[('xpath', '//a[@href=\"/ingredient/61c0c5a71d1f82001bdaaa6d\"]'), ('xpath', '//a[@href=\"/ingredient/61c0c5a71d1f82001bdaaa72\"]'), ('xpath', '//a[@href=\"/ingredient/61c0c5a71d1f82001bdaaa6e\"]'), ('xpath', './/ul[contains(@class, \"BurgerConstructor_basket__list\")]'), ('xpath', '.// button[text() = \"Оформить заказ\"]')]"}], "start": 1726550416423, "stop": 1726550418536}, {"name": "Ожидание изменения текста", "status": "broken", "statusDetails": {"message": "selenium.common.exceptions.TimeoutException: Message: \n\n", "trace": "  File \"C:\\Users\\User\\PycharmProjects\\Diplom\\Diplom_3\\venv\\Lib\\site-packages\\allure_commons\\_allure.py\", line 192, in impl\n    return func(*a, **kw)\n           ^^^^^^^^^^^^^^\n  File \"C:\\Users\\User\\PycharmProjects\\Diplom\\Diplom_3\\pages\\base_page.py\", line 25, in waiting_for_text_to_change\n    WebDriverWait(self.driver, PAUSE).until_not((expected_conditions.text_to_be_present_in_element(locator, text)))\n  File \"C:\\Users\\User\\PycharmProjects\\Diplom\\Diplom_3\\venv\\Lib\\site-packages\\selenium\\webdriver\\support\\wait.py\", line 128, in until_not\n    raise TimeoutException(message)\n"}, "parameters": [{"name": "locator", "value": "('xpath', './/h2[contains(@class, \"Modal_modal__title_shadow\")]')"}, {"name": "text", "value": "'9999'"}], "start": 1726550418537, "stop": 1726550435661}], "parameters": [{"name": "locator_counter", "value": "('xpath', '//*[contains(@class, \"text_type_main-medium\") and text()=\"Выполнено за сегодня:\"]/following-sibling::p')"}], "start": 1726550415151, "stop": 1726550435663}], "attachments": [{"name": "log", "source": "8ed77b0e-4da0-443e-abbc-dff63a2f6d1c-attachment.txt", "type": "text/plain"}], "parameters": [{"name": "driver", "value": "'firefox'"}, {"name": "locator_counter", "value": "('xpath', '//*[contains(@class, \"text_type_main-medium\") and text()=\"Выполнено за сегодня:\"]/following-sibling::p')"}], "start": 1726550415151, "stop": 1726550435664, "uuid": "aae3a94e-0690-4ad7-8b40-0c70179cdd00", "historyId": "6ca91aac4656ae044cb380888154f00d", "testCaseId": "f415b4f8a0295be5d97e8ccf42181c91", "fullName": "tests.test_feed_page.TestFeedPage#test_increasing_order_counter_total", "labels": [{"name": "parentSuite", "value": "tests"}, {"name": "suite", "value": "test_feed_page"}, {"name": "subSuite", "value": "TestFeedPage"}, {"name": "host", "value": "DESKTOP-Q7I2UDM"}, {"name": "thread", "value": "21020-MainThread"}, {"name": "framework", "value": "pytest"}, {"name": "language", "value": "cpython3"}, {"name": "package", "value": "tests.test_feed_page"}]}