{"name": "Проверка показа введенного пароля", "status": "passed", "description": "Переходим на страницу авторизации и по нажатию кнопки 'Восстановить пароль' переходим на страницу восстановления пароля. Вводим емэйл в поле ввода и нажимаем кнопку 'Cохранить'. Вводим пароль и нажимаем на кнопку просмотра пароля", "steps": [{"name": "Переход на страницу входа", "status": "passed", "steps": [{"name": "поиск элемента с нажатием на него", "status": "passed", "steps": [{"name": "Поиск элемента с ожиданием", "status": "passed", "parameters": [{"name": "locator", "value": "('xpath', './/*[contains(@class,\"button_button_size_large\")]')"}], "start": 1726774165134, "stop": 1726774165164}], "parameters": [{"name": "locator", "value": "('xpath', './/*[contains(@class,\"button_button_size_large\")]')"}], "start": 1726774165134, "stop": 1726774165403}], "start": 1726774165134, "stop": 1726774165403}, {"name": "Просмотр введенного пароля", "status": "passed", "steps": [{"name": "Ввод нового пароля", "status": "passed", "steps": [{"name": "Восстановление пароля", "status": "passed", "steps": [{"name": "Переход к странице восстановления пароля", "status": "passed", "steps": [{"name": "скролл до элемента", "status": "passed", "steps": [{"name": "Поиск элемента с ожиданием", "status": "passed", "parameters": [{"name": "locator", "value": "('xpath', './/a[@href=\"/forgot-password\"]')"}], "start": 1726774165404, "stop": 1726774165420}], "parameters": [{"name": "locator", "value": "('xpath', './/a[@href=\"/forgot-password\"]')"}], "start": 1726774165404, "stop": 1726774165425}, {"name": "поиск элемента с нажатием на него", "status": "passed", "steps": [{"name": "Поиск элемента с ожиданием", "status": "passed", "parameters": [{"name": "locator", "value": "('xpath', './/a[@href=\"/forgot-password\"]')"}], "start": 1726774165425, "stop": 1726774165439}], "parameters": [{"name": "locator", "value": "('xpath', './/a[@href=\"/forgot-password\"]')"}], "start": 1726774165425, "stop": 1726774165658}], "start": 1726774165404, "stop": 1726774165658}, {"name": "Поиск элемента и ввод текста в поле", "status": "passed", "steps": [{"name": "Поиск элемента с ожиданием", "status": "passed", "parameters": [{"name": "locator", "value": "('xpath', '.// input[contains( @class , \"text_type_main-default\")]')"}], "start": 1726774165658, "stop": 1726774165670}], "parameters": [{"name": "locator", "value": "('xpath', '.// input[contains( @class , \"text_type_main-default\")]')"}, {"name": "text", "value": "'test-email@ya.ru'"}], "start": 1726774165658, "stop": 1726774165714}, {"name": "поиск элемента с нажатием на него", "status": "passed", "steps": [{"name": "Поиск элемента с ожиданием", "status": "passed", "parameters": [{"name": "locator", "value": "('xpath', '.// button[text() = \"Восстановить\"]')"}], "start": 1726774165714, "stop": 1726774165727}], "parameters": [{"name": "locator", "value": "('xpath', '.// button[text() = \"Восстановить\"]')"}], "start": 1726774165714, "stop": 1726774165945}], "start": 1726774165404, "stop": 1726774165945}, {"name": "Поиск элемента и ввод текста в поле", "status": "passed", "steps": [{"name": "Поиск элемента с ожиданием", "status": "passed", "parameters": [{"name": "locator", "value": "('xpath', \".//*[text()='Пароль']/following-sibling::input\")"}], "start": 1726774165945, "stop": 1726774165961}], "parameters": [{"name": "locator", "value": "('xpath', \".//*[text()='Пароль']/following-sibling::input\")"}, {"name": "text", "value": "'TEST_PASSWORD'"}], "start": 1726774165945, "stop": 1726774165988}], "start": 1726774165404, "stop": 1726774165988}, {"name": "поиск элемента с ожиданием кликабельности и нажатием на него", "status": "passed", "steps": [{"name": "поиск элемента с нажатием на него", "status": "broken", "statusDetails": {"message": "selenium.common.exceptions.ElementClickInterceptedException: Message: Element <svg> is not clickable at point (842,249) because another element <div class=\"Modal_modal_overlay__x2ZCr\"> obscures it\nStacktrace:\nRemoteError@chrome://remote/content/shared/RemoteError.sys.mjs:8:8\nWebDriverError@chrome://remote/content/shared/webdriver/Errors.sys.mjs:193:5\nElementClickInterceptedError@chrome://remote/content/shared/webdriver/Errors.sys.mjs:337:5\nwebdriverClickElement@chrome://remote/content/marionette/interaction.sys.mjs:177:11\ninteraction.clickElement@chrome://remote/content/marionette/interaction.sys.mjs:136:11\nclickElement@chrome://remote/content/marionette/actors/MarionetteCommandsChild.sys.mjs:205:29\nreceiveMessage@chrome://remote/content/marionette/actors/MarionetteCommandsChild.sys.mjs:85:31\n\n", "trace": "  File \"C:\\Users\\User\\PycharmProjects\\Diplom\\Diplom_3\\venv\\Lib\\site-packages\\allure_commons\\_allure.py\", line 192, in impl\n    return func(*a, **kw)\n           ^^^^^^^^^^^^^^\n  File \"C:\\Users\\User\\PycharmProjects\\Diplom\\Diplom_3\\pages\\base_page.py\", line 25, in click_to_element\n    self.find_element_with_wait(locator).click()\n  File \"C:\\Users\\User\\PycharmProjects\\Diplom\\Diplom_3\\venv\\Lib\\site-packages\\selenium\\webdriver\\remote\\webelement.py\", line 94, in click\n    self._execute(Command.CLICK_ELEMENT)\n  File \"C:\\Users\\User\\PycharmProjects\\Diplom\\Diplom_3\\venv\\Lib\\site-packages\\selenium\\webdriver\\remote\\webelement.py\", line 395, in _execute\n    return self._parent.execute(command, params)\n           ^^^^^^^^^^^^^^^^^^^^^^^^^^^^^^^^^^^^^\n  File \"C:\\Users\\User\\PycharmProjects\\Diplom\\Diplom_3\\venv\\Lib\\site-packages\\selenium\\webdriver\\remote\\webdriver.py\", line 354, in execute\n    self.error_handler.check_response(response)\n  File \"C:\\Users\\User\\PycharmProjects\\Diplom\\Diplom_3\\venv\\Lib\\site-packages\\selenium\\webdriver\\remote\\errorhandler.py\", line 229, in check_response\n    raise exception_class(message, screen, stacktrace)\n"}, "steps": [{"name": "Поиск элемента с ожиданием", "status": "passed", "parameters": [{"name": "locator", "value": "('xpath', './/div[contains(@class, \"input_type_password\")]//*[name()=\"svg\"]')"}], "start": 1726774165988, "stop": 1726774166006}], "parameters": [{"name": "locator", "value": "('xpath', './/div[contains(@class, \"input_type_password\")]//*[name()=\"svg\"]')"}], "start": 1726774165988, "stop": 1726774166013}, {"name": "поиск элемента с нажатием на него", "status": "broken", "statusDetails": {"message": "selenium.common.exceptions.ElementClickInterceptedException: Message: Element <svg> is not clickable at point (842,249) because another element <div class=\"Modal_modal_overlay__x2ZCr\"> obscures it\nStacktrace:\nRemoteError@chrome://remote/content/shared/RemoteError.sys.mjs:8:8\nWebDriverError@chrome://remote/content/shared/webdriver/Errors.sys.mjs:193:5\nElementClickInterceptedError@chrome://remote/content/shared/webdriver/Errors.sys.mjs:337:5\nwebdriverClickElement@chrome://remote/content/marionette/interaction.sys.mjs:177:11\ninteraction.clickElement@chrome://remote/content/marionette/interaction.sys.mjs:136:11\nclickElement@chrome://remote/content/marionette/actors/MarionetteCommandsChild.sys.mjs:205:29\nreceiveMessage@chrome://remote/content/marionette/actors/MarionetteCommandsChild.sys.mjs:85:31\n\n", "trace": "  File \"C:\\Users\\User\\PycharmProjects\\Diplom\\Diplom_3\\venv\\Lib\\site-packages\\allure_commons\\_allure.py\", line 192, in impl\n    return func(*a, **kw)\n           ^^^^^^^^^^^^^^\n  File \"C:\\Users\\User\\PycharmProjects\\Diplom\\Diplom_3\\pages\\base_page.py\", line 25, in click_to_element\n    self.find_element_with_wait(locator).click()\n  File \"C:\\Users\\User\\PycharmProjects\\Diplom\\Diplom_3\\venv\\Lib\\site-packages\\selenium\\webdriver\\remote\\webelement.py\", line 94, in click\n    self._execute(Command.CLICK_ELEMENT)\n  File \"C:\\Users\\User\\PycharmProjects\\Diplom\\Diplom_3\\venv\\Lib\\site-packages\\selenium\\webdriver\\remote\\webelement.py\", line 395, in _execute\n    return self._parent.execute(command, params)\n           ^^^^^^^^^^^^^^^^^^^^^^^^^^^^^^^^^^^^^\n  File \"C:\\Users\\User\\PycharmProjects\\Diplom\\Diplom_3\\venv\\Lib\\site-packages\\selenium\\webdriver\\remote\\webdriver.py\", line 354, in execute\n    self.error_handler.check_response(response)\n  File \"C:\\Users\\User\\PycharmProjects\\Diplom\\Diplom_3\\venv\\Lib\\site-packages\\selenium\\webdriver\\remote\\errorhandler.py\", line 229, in check_response\n    raise exception_class(message, screen, stacktrace)\n"}, "steps": [{"name": "Поиск элемента с ожиданием", "status": "passed", "parameters": [{"name": "locator", "value": "('xpath', './/div[contains(@class, \"input_type_password\")]//*[name()=\"svg\"]')"}], "start": 1726774166029, "stop": 1726774166045}], "parameters": [{"name": "locator", "value": "('xpath', './/div[contains(@class, \"input_type_password\")]//*[name()=\"svg\"]')"}], "start": 1726774166029, "stop": 1726774166050}, {"name": "поиск элемента с нажатием на него", "status": "broken", "statusDetails": {"message": "selenium.common.exceptions.ElementClickInterceptedException: Message: Element <svg> is not clickable at point (842,249) because another element <div class=\"Modal_modal_overlay__x2ZCr\"> obscures it\nStacktrace:\nRemoteError@chrome://remote/content/shared/RemoteError.sys.mjs:8:8\nWebDriverError@chrome://remote/content/shared/webdriver/Errors.sys.mjs:193:5\nElementClickInterceptedError@chrome://remote/content/shared/webdriver/Errors.sys.mjs:337:5\nwebdriverClickElement@chrome://remote/content/marionette/interaction.sys.mjs:177:11\ninteraction.clickElement@chrome://remote/content/marionette/interaction.sys.mjs:136:11\nclickElement@chrome://remote/content/marionette/actors/MarionetteCommandsChild.sys.mjs:205:29\nreceiveMessage@chrome://remote/content/marionette/actors/MarionetteCommandsChild.sys.mjs:85:31\n\n", "trace": "  File \"C:\\Users\\User\\PycharmProjects\\Diplom\\Diplom_3\\venv\\Lib\\site-packages\\allure_commons\\_allure.py\", line 192, in impl\n    return func(*a, **kw)\n           ^^^^^^^^^^^^^^\n  File \"C:\\Users\\User\\PycharmProjects\\Diplom\\Diplom_3\\pages\\base_page.py\", line 25, in click_to_element\n    self.find_element_with_wait(locator).click()\n  File \"C:\\Users\\User\\PycharmProjects\\Diplom\\Diplom_3\\venv\\Lib\\site-packages\\selenium\\webdriver\\remote\\webelement.py\", line 94, in click\n    self._execute(Command.CLICK_ELEMENT)\n  File \"C:\\Users\\User\\PycharmProjects\\Diplom\\Diplom_3\\venv\\Lib\\site-packages\\selenium\\webdriver\\remote\\webelement.py\", line 395, in _execute\n    return self._parent.execute(command, params)\n           ^^^^^^^^^^^^^^^^^^^^^^^^^^^^^^^^^^^^^\n  File \"C:\\Users\\User\\PycharmProjects\\Diplom\\Diplom_3\\venv\\Lib\\site-packages\\selenium\\webdriver\\remote\\webdriver.py\", line 354, in execute\n    self.error_handler.check_response(response)\n  File \"C:\\Users\\User\\PycharmProjects\\Diplom\\Diplom_3\\venv\\Lib\\site-packages\\selenium\\webdriver\\remote\\errorhandler.py\", line 229, in check_response\n    raise exception_class(message, screen, stacktrace)\n"}, "steps": [{"name": "Поиск элемента с ожиданием", "status": "passed", "parameters": [{"name": "locator", "value": "('xpath', './/div[contains(@class, \"input_type_password\")]//*[name()=\"svg\"]')"}], "start": 1726774166067, "stop": 1726774166081}], "parameters": [{"name": "locator", "value": "('xpath', './/div[contains(@class, \"input_type_password\")]//*[name()=\"svg\"]')"}], "start": 1726774166067, "stop": 1726774166086}, {"name": "поиск элемента с нажатием на него", "status": "passed", "steps": [{"name": "Поиск элемента с ожиданием", "status": "passed", "parameters": [{"name": "locator", "value": "('xpath', './/div[contains(@class, \"input_type_password\")]//*[name()=\"svg\"]')"}], "start": 1726774166100, "stop": 1726774166113}], "parameters": [{"name": "locator", "value": "('xpath', './/div[contains(@class, \"input_type_password\")]//*[name()=\"svg\"]')"}], "start": 1726774166100, "stop": 1726774166340}], "parameters": [{"name": "locator", "value": "('xpath', './/div[contains(@class, \"input_type_password\")]//*[name()=\"svg\"]')"}], "start": 1726774165988, "stop": 1726774166340}, {"name": "Получение значения поля", "status": "passed", "parameters": [{"name": "locator", "value": "('xpath', '//label[text()=\"Пароль\"]//parent::div')"}, {"name": "variable", "value": "'class'"}], "start": 1726774166340, "stop": 1726774166347}], "start": 1726774165404, "stop": 1726774166347}], "attachments": [{"name": "log", "source": "35831d6d-eca2-4d3b-acd0-0f284ff5a35c-attachment.txt", "type": "text/plain"}], "parameters": [{"name": "driver", "value": "'firefox'"}], "start": 1726774165134, "stop": 1726774166347, "uuid": "5cebfb8a-6213-490f-9bd9-6e416cbb8371", "historyId": "0da26784b027bdaaa6c54142cda9ecc1", "testCaseId": "9671458488ca1f01155d672168f0ee23", "fullName": "tests.test_recovery_page.TestRecoveryPage#test_show_password", "labels": [{"name": "parentSuite", "value": "tests"}, {"name": "suite", "value": "test_recovery_page"}, {"name": "subSuite", "value": "TestRecoveryPage"}, {"name": "host", "value": "DESKTOP-Q7I2UDM"}, {"name": "thread", "value": "37340-MainThread"}, {"name": "framework", "value": "pytest"}, {"name": "language", "value": "cpython3"}, {"name": "package", "value": "tests.test_recovery_page"}]}