{"name": "Проверка показа введенного пароля", "status": "passed", "description": "Переходим на страницу авторизации и по нажатию кнопки 'Восстановить пароль' переходим на страницу восстановления пароля. Вводим емэйл в поле ввода и нажимаем кнопку 'Cохранить'. Вводим пароль и нажимаем на кнопку просмотра пароля", "steps": [{"name": "Просмотр введенного пароля", "status": "passed", "steps": [{"name": "Ввод нового пароля", "status": "passed", "steps": [{"name": "Восстановление пароля", "status": "passed", "steps": [{"name": "Переход к странице восстановления пароля", "status": "passed", "steps": [{"name": "поиск элемента с нажатием на него", "status": "passed", "steps": [{"name": "Поиск элемента с ожиданием", "status": "passed", "parameters": [{"name": "locator", "value": "('xpath', './/*[contains(@class,\"button_button_size_large\")]')"}], "start": 1726550824360, "stop": 1726550824389}], "parameters": [{"name": "locator", "value": "('xpath', './/*[contains(@class,\"button_button_size_large\")]')"}], "start": 1726550824360, "stop": 1726550824634}, {"name": "скролл до элемента", "status": "passed", "steps": [{"name": "Поиск элемента с ожиданием", "status": "passed", "parameters": [{"name": "locator", "value": "('xpath', './/a[@href=\"/forgot-password\"]')"}], "start": 1726550824634, "stop": 1726550824648}], "parameters": [{"name": "locator", "value": "('xpath', './/a[@href=\"/forgot-password\"]')"}], "start": 1726550824634, "stop": 1726550824652}, {"name": "поиск элемента с нажатием на него", "status": "passed", "steps": [{"name": "Поиск элемента с ожиданием", "status": "passed", "parameters": [{"name": "locator", "value": "('xpath', './/a[@href=\"/forgot-password\"]')"}], "start": 1726550824653, "stop": 1726550824665}], "parameters": [{"name": "locator", "value": "('xpath', './/a[@href=\"/forgot-password\"]')"}], "start": 1726550824653, "stop": 1726550824885}], "start": 1726550824360, "stop": 1726550824885}, {"name": "Поиск элемента и ввод текста в поле", "status": "passed", "steps": [{"name": "Поиск элемента с ожиданием", "status": "passed", "parameters": [{"name": "locator", "value": "('xpath', '.// input[contains( @class , \"text_type_main-default\")]')"}], "start": 1726550824886, "stop": 1726550824898}], "parameters": [{"name": "locator", "value": "('xpath', '.// input[contains( @class , \"text_type_main-default\")]')"}, {"name": "text", "value": "'test-email@ya.ru'"}], "start": 1726550824886, "stop": 1726550824956}, {"name": "поиск элемента с нажатием на него", "status": "passed", "steps": [{"name": "Поиск элемента с ожиданием", "status": "passed", "parameters": [{"name": "locator", "value": "('xpath', '.// button[text() = \"Восстановить\"]')"}], "start": 1726550824956, "stop": 1726550824973}], "parameters": [{"name": "locator", "value": "('xpath', '.// button[text() = \"Восстановить\"]')"}], "start": 1726550824956, "stop": 1726550825200}], "start": 1726550824360, "stop": 1726550825200}, {"name": "Поиск элемента и ввод текста в поле", "status": "passed", "steps": [{"name": "Поиск элемента с ожиданием", "status": "passed", "parameters": [{"name": "locator", "value": "('xpath', \".//*[text()='Пароль']/following-sibling::input\")"}], "start": 1726550825200, "stop": 1726550825217}], "parameters": [{"name": "locator", "value": "('xpath', \".//*[text()='Пароль']/following-sibling::input\")"}, {"name": "text", "value": "'TEST_PASSWORD'"}], "start": 1726550825200, "stop": 1726550825250}], "start": 1726550824360, "stop": 1726550825250}, {"name": "Клик по элементу с обработкой исключения", "status": "passed", "steps": [{"name": "поиск элемента с нажатием на него", "status": "broken", "statusDetails": {"message": "selenium.common.exceptions.ElementClickInterceptedException: Message: Element <div class=\"input pr-6 pl-6 input_type_password input_size_default input_status_active\"> is not clickable at point (640,249) because another element <div class=\"Modal_modal_overlay__x2ZCr\"> obscures it\nStacktrace:\nRemoteError@chrome://remote/content/shared/RemoteError.sys.mjs:8:8\nWebDriverError@chrome://remote/content/shared/webdriver/Errors.sys.mjs:193:5\nElementClickInterceptedError@chrome://remote/content/shared/webdriver/Errors.sys.mjs:337:5\nwebdriverClickElement@chrome://remote/content/marionette/interaction.sys.mjs:177:11\ninteraction.clickElement@chrome://remote/content/marionette/interaction.sys.mjs:136:11\nclickElement@chrome://remote/content/marionette/actors/MarionetteCommandsChild.sys.mjs:205:29\nreceiveMessage@chrome://remote/content/marionette/actors/MarionetteCommandsChild.sys.mjs:85:31\n\n", "trace": "  File \"C:\\Users\\User\\PycharmProjects\\Diplom\\Diplom_3\\venv\\Lib\\site-packages\\allure_commons\\_allure.py\", line 192, in impl\n    return func(*a, **kw)\n           ^^^^^^^^^^^^^^\n  File \"C:\\Users\\User\\PycharmProjects\\Diplom\\Diplom_3\\pages\\base_page.py\", line 30, in click_to_element\n    self.find_element_with_wait(locator).click()\n  File \"C:\\Users\\User\\PycharmProjects\\Diplom\\Diplom_3\\venv\\Lib\\site-packages\\selenium\\webdriver\\remote\\webelement.py\", line 94, in click\n    self._execute(Command.CLICK_ELEMENT)\n  File \"C:\\Users\\User\\PycharmProjects\\Diplom\\Diplom_3\\venv\\Lib\\site-packages\\selenium\\webdriver\\remote\\webelement.py\", line 395, in _execute\n    return self._parent.execute(command, params)\n           ^^^^^^^^^^^^^^^^^^^^^^^^^^^^^^^^^^^^^\n  File \"C:\\Users\\User\\PycharmProjects\\Diplom\\Diplom_3\\venv\\Lib\\site-packages\\selenium\\webdriver\\remote\\webdriver.py\", line 354, in execute\n    self.error_handler.check_response(response)\n  File \"C:\\Users\\User\\PycharmProjects\\Diplom\\Diplom_3\\venv\\Lib\\site-packages\\selenium\\webdriver\\remote\\errorhandler.py\", line 229, in check_response\n    raise exception_class(message, screen, stacktrace)\n"}, "steps": [{"name": "Поиск элемента с ожиданием", "status": "passed", "parameters": [{"name": "locator", "value": "('xpath', '//label[text()=\"Пароль\"]//parent::div')"}], "start": 1726550825251, "stop": 1726550825274}], "parameters": [{"name": "locator", "value": "('xpath', '//label[text()=\"Пароль\"]//parent::div')"}], "start": 1726550825251, "stop": 1726550825282}, {"name": "поиск элемента с нажатием на него", "status": "broken", "statusDetails": {"message": "selenium.common.exceptions.ElementClickInterceptedException: Message: Element <div class=\"input pr-6 pl-6 input_type_password input_size_default input_status_active\"> is not clickable at point (640,249) because another element <div class=\"Modal_modal_overlay__x2ZCr\"> obscures it\nStacktrace:\nRemoteError@chrome://remote/content/shared/RemoteError.sys.mjs:8:8\nWebDriverError@chrome://remote/content/shared/webdriver/Errors.sys.mjs:193:5\nElementClickInterceptedError@chrome://remote/content/shared/webdriver/Errors.sys.mjs:337:5\nwebdriverClickElement@chrome://remote/content/marionette/interaction.sys.mjs:177:11\ninteraction.clickElement@chrome://remote/content/marionette/interaction.sys.mjs:136:11\nclickElement@chrome://remote/content/marionette/actors/MarionetteCommandsChild.sys.mjs:205:29\nreceiveMessage@chrome://remote/content/marionette/actors/MarionetteCommandsChild.sys.mjs:85:31\n\n", "trace": "  File \"C:\\Users\\User\\PycharmProjects\\Diplom\\Diplom_3\\venv\\Lib\\site-packages\\allure_commons\\_allure.py\", line 192, in impl\n    return func(*a, **kw)\n           ^^^^^^^^^^^^^^\n  File \"C:\\Users\\User\\PycharmProjects\\Diplom\\Diplom_3\\pages\\base_page.py\", line 30, in click_to_element\n    self.find_element_with_wait(locator).click()\n  File \"C:\\Users\\User\\PycharmProjects\\Diplom\\Diplom_3\\venv\\Lib\\site-packages\\selenium\\webdriver\\remote\\webelement.py\", line 94, in click\n    self._execute(Command.CLICK_ELEMENT)\n  File \"C:\\Users\\User\\PycharmProjects\\Diplom\\Diplom_3\\venv\\Lib\\site-packages\\selenium\\webdriver\\remote\\webelement.py\", line 395, in _execute\n    return self._parent.execute(command, params)\n           ^^^^^^^^^^^^^^^^^^^^^^^^^^^^^^^^^^^^^\n  File \"C:\\Users\\User\\PycharmProjects\\Diplom\\Diplom_3\\venv\\Lib\\site-packages\\selenium\\webdriver\\remote\\webdriver.py\", line 354, in execute\n    self.error_handler.check_response(response)\n  File \"C:\\Users\\User\\PycharmProjects\\Diplom\\Diplom_3\\venv\\Lib\\site-packages\\selenium\\webdriver\\remote\\errorhandler.py\", line 229, in check_response\n    raise exception_class(message, screen, stacktrace)\n"}, "steps": [{"name": "Поиск элемента с ожиданием", "status": "passed", "parameters": [{"name": "locator", "value": "('xpath', '//label[text()=\"Пароль\"]//parent::div')"}], "start": 1726550825292, "stop": 1726550825308}], "parameters": [{"name": "locator", "value": "('xpath', '//label[text()=\"Пароль\"]//parent::div')"}], "start": 1726550825292, "stop": 1726550825315}, {"name": "поиск элемента с нажатием на него", "status": "broken", "statusDetails": {"message": "selenium.common.exceptions.ElementClickInterceptedException: Message: Element <div class=\"input pr-6 pl-6 input_type_password input_size_default input_status_active\"> is not clickable at point (640,249) because another element <div class=\"Modal_modal_overlay__x2ZCr\"> obscures it\nStacktrace:\nRemoteError@chrome://remote/content/shared/RemoteError.sys.mjs:8:8\nWebDriverError@chrome://remote/content/shared/webdriver/Errors.sys.mjs:193:5\nElementClickInterceptedError@chrome://remote/content/shared/webdriver/Errors.sys.mjs:337:5\nwebdriverClickElement@chrome://remote/content/marionette/interaction.sys.mjs:177:11\ninteraction.clickElement@chrome://remote/content/marionette/interaction.sys.mjs:136:11\nclickElement@chrome://remote/content/marionette/actors/MarionetteCommandsChild.sys.mjs:205:29\nreceiveMessage@chrome://remote/content/marionette/actors/MarionetteCommandsChild.sys.mjs:85:31\n\n", "trace": "  File \"C:\\Users\\User\\PycharmProjects\\Diplom\\Diplom_3\\venv\\Lib\\site-packages\\allure_commons\\_allure.py\", line 192, in impl\n    return func(*a, **kw)\n           ^^^^^^^^^^^^^^\n  File \"C:\\Users\\User\\PycharmProjects\\Diplom\\Diplom_3\\pages\\base_page.py\", line 30, in click_to_element\n    self.find_element_with_wait(locator).click()\n  File \"C:\\Users\\User\\PycharmProjects\\Diplom\\Diplom_3\\venv\\Lib\\site-packages\\selenium\\webdriver\\remote\\webelement.py\", line 94, in click\n    self._execute(Command.CLICK_ELEMENT)\n  File \"C:\\Users\\User\\PycharmProjects\\Diplom\\Diplom_3\\venv\\Lib\\site-packages\\selenium\\webdriver\\remote\\webelement.py\", line 395, in _execute\n    return self._parent.execute(command, params)\n           ^^^^^^^^^^^^^^^^^^^^^^^^^^^^^^^^^^^^^\n  File \"C:\\Users\\User\\PycharmProjects\\Diplom\\Diplom_3\\venv\\Lib\\site-packages\\selenium\\webdriver\\remote\\webdriver.py\", line 354, in execute\n    self.error_handler.check_response(response)\n  File \"C:\\Users\\User\\PycharmProjects\\Diplom\\Diplom_3\\venv\\Lib\\site-packages\\selenium\\webdriver\\remote\\errorhandler.py\", line 229, in check_response\n    raise exception_class(message, screen, stacktrace)\n"}, "steps": [{"name": "Поиск элемента с ожиданием", "status": "passed", "parameters": [{"name": "locator", "value": "('xpath', '//label[text()=\"Пароль\"]//parent::div')"}], "start": 1726550825327, "stop": 1726550825346}], "parameters": [{"name": "locator", "value": "('xpath', '//label[text()=\"Пароль\"]//parent::div')"}], "start": 1726550825327, "stop": 1726550825350}, {"name": "поиск элемента с нажатием на него", "status": "passed", "steps": [{"name": "Поиск элемента с ожиданием", "status": "passed", "parameters": [{"name": "locator", "value": "('xpath', '//label[text()=\"Пароль\"]//parent::div')"}], "start": 1726550825360, "stop": 1726550825374}], "parameters": [{"name": "locator", "value": "('xpath', '//label[text()=\"Пароль\"]//parent::div')"}], "start": 1726550825360, "stop": 1726550825603}], "parameters": [{"name": "button", "value": "('xpath', '//label[text()=\"Пароль\"]//parent::div')"}, {"name": "locator_exception", "value": "('xpath', './/*[@class=\"Modal_modal_overlay__x2ZCr\"]')"}], "start": 1726550825250, "stop": 1726550825603}, {"name": "Получение значения поля", "status": "passed", "parameters": [{"name": "locator", "value": "('xpath', '//label[text()=\"Пароль\"]//parent::div')"}, {"name": "variable", "value": "'class'"}], "start": 1726550825603, "stop": 1726550825611}], "start": 1726550824360, "stop": 1726550825611}], "attachments": [{"name": "log", "source": "44af750b-0d9c-44f6-851f-242e0919dd93-attachment.txt", "type": "text/plain"}], "parameters": [{"name": "driver", "value": "'firefox'"}], "start": 1726550824360, "stop": 1726550825611, "uuid": "94ba0748-e8dd-474a-ad2e-0106de2e525c", "historyId": "0da26784b027bdaaa6c54142cda9ecc1", "testCaseId": "9671458488ca1f01155d672168f0ee23", "fullName": "tests.test_recovery_page.TestRecoveryPage#test_show_password", "labels": [{"name": "parentSuite", "value": "tests"}, {"name": "suite", "value": "test_recovery_page"}, {"name": "subSuite", "value": "TestRecoveryPage"}, {"name": "host", "value": "DESKTOP-Q7I2UDM"}, {"name": "thread", "value": "21020-MainThread"}, {"name": "framework", "value": "pytest"}, {"name": "language", "value": "cpython3"}, {"name": "package", "value": "tests.test_recovery_page"}]}