{"name": "Проверка перехода в личный кабинет авторизованного пользователя", "status": "passed", "description": "Открываем сайт, переходим на страницу входа и логинимся. нажимаем кнопку \"Личный кабинет\" и проверяем отображение страницы личного кабинета", "steps": [{"name": "Переход в личный кабинет с авторизацией", "status": "passed", "steps": [{"name": "Переход по кнопке на другую страницу", "status": "passed", "steps": [{"name": "Клик по элементу с обработкой исключения", "status": "passed", "steps": [{"name": "поиск элемента с нажатием на него", "status": "broken", "statusDetails": {"message": "selenium.common.exceptions.ElementClickInterceptedException: Message: Element <a class=\"AppHeader_header__link__3D_hX\" href=\"/account\"> is not clickable at point (1176,44) because another element <div class=\"Modal_modal_overlay__x2ZCr\"> obscures it\nStacktrace:\nRemoteError@chrome://remote/content/shared/RemoteError.sys.mjs:8:8\nWebDriverError@chrome://remote/content/shared/webdriver/Errors.sys.mjs:193:5\nElementClickInterceptedError@chrome://remote/content/shared/webdriver/Errors.sys.mjs:337:5\nwebdriverClickElement@chrome://remote/content/marionette/interaction.sys.mjs:177:11\ninteraction.clickElement@chrome://remote/content/marionette/interaction.sys.mjs:136:11\nclickElement@chrome://remote/content/marionette/actors/MarionetteCommandsChild.sys.mjs:205:29\nreceiveMessage@chrome://remote/content/marionette/actors/MarionetteCommandsChild.sys.mjs:85:31\n\n", "trace": "  File \"C:\\Users\\User\\PycharmProjects\\Diplom\\Diplom_3\\venv\\Lib\\site-packages\\allure_commons\\_allure.py\", line 192, in impl\n    return func(*a, **kw)\n           ^^^^^^^^^^^^^^\n  File \"C:\\Users\\User\\PycharmProjects\\Diplom\\Diplom_3\\pages\\base_page.py\", line 30, in click_to_element\n    self.find_element_with_wait(locator).click()\n  File \"C:\\Users\\User\\PycharmProjects\\Diplom\\Diplom_3\\venv\\Lib\\site-packages\\selenium\\webdriver\\remote\\webelement.py\", line 94, in click\n    self._execute(Command.CLICK_ELEMENT)\n  File \"C:\\Users\\User\\PycharmProjects\\Diplom\\Diplom_3\\venv\\Lib\\site-packages\\selenium\\webdriver\\remote\\webelement.py\", line 395, in _execute\n    return self._parent.execute(command, params)\n           ^^^^^^^^^^^^^^^^^^^^^^^^^^^^^^^^^^^^^\n  File \"C:\\Users\\User\\PycharmProjects\\Diplom\\Diplom_3\\venv\\Lib\\site-packages\\selenium\\webdriver\\remote\\webdriver.py\", line 354, in execute\n    self.error_handler.check_response(response)\n  File \"C:\\Users\\User\\PycharmProjects\\Diplom\\Diplom_3\\venv\\Lib\\site-packages\\selenium\\webdriver\\remote\\errorhandler.py\", line 229, in check_response\n    raise exception_class(message, screen, stacktrace)\n"}, "steps": [{"name": "Поиск элемента с ожиданием", "status": "passed", "parameters": [{"name": "locator", "value": "('xpath', './/a[@href=\"/account\"]')"}], "start": 1726550117753, "stop": 1726550117786}], "parameters": [{"name": "locator", "value": "('xpath', './/a[@href=\"/account\"]')"}], "start": 1726550117753, "stop": 1726550117791}, {"name": "поиск элемента с нажатием на него", "status": "broken", "statusDetails": {"message": "selenium.common.exceptions.ElementClickInterceptedException: Message: Element <a class=\"AppHeader_header__link__3D_hX\" href=\"/account\"> is not clickable at point (1176,44) because another element <div class=\"Modal_modal_overlay__x2ZCr\"> obscures it\nStacktrace:\nRemoteError@chrome://remote/content/shared/RemoteError.sys.mjs:8:8\nWebDriverError@chrome://remote/content/shared/webdriver/Errors.sys.mjs:193:5\nElementClickInterceptedError@chrome://remote/content/shared/webdriver/Errors.sys.mjs:337:5\nwebdriverClickElement@chrome://remote/content/marionette/interaction.sys.mjs:177:11\ninteraction.clickElement@chrome://remote/content/marionette/interaction.sys.mjs:136:11\nclickElement@chrome://remote/content/marionette/actors/MarionetteCommandsChild.sys.mjs:205:29\nreceiveMessage@chrome://remote/content/marionette/actors/MarionetteCommandsChild.sys.mjs:85:31\n\n", "trace": "  File \"C:\\Users\\User\\PycharmProjects\\Diplom\\Diplom_3\\venv\\Lib\\site-packages\\allure_commons\\_allure.py\", line 192, in impl\n    return func(*a, **kw)\n           ^^^^^^^^^^^^^^\n  File \"C:\\Users\\User\\PycharmProjects\\Diplom\\Diplom_3\\pages\\base_page.py\", line 30, in click_to_element\n    self.find_element_with_wait(locator).click()\n  File \"C:\\Users\\User\\PycharmProjects\\Diplom\\Diplom_3\\venv\\Lib\\site-packages\\selenium\\webdriver\\remote\\webelement.py\", line 94, in click\n    self._execute(Command.CLICK_ELEMENT)\n  File \"C:\\Users\\User\\PycharmProjects\\Diplom\\Diplom_3\\venv\\Lib\\site-packages\\selenium\\webdriver\\remote\\webelement.py\", line 395, in _execute\n    return self._parent.execute(command, params)\n           ^^^^^^^^^^^^^^^^^^^^^^^^^^^^^^^^^^^^^\n  File \"C:\\Users\\User\\PycharmProjects\\Diplom\\Diplom_3\\venv\\Lib\\site-packages\\selenium\\webdriver\\remote\\webdriver.py\", line 354, in execute\n    self.error_handler.check_response(response)\n  File \"C:\\Users\\User\\PycharmProjects\\Diplom\\Diplom_3\\venv\\Lib\\site-packages\\selenium\\webdriver\\remote\\errorhandler.py\", line 229, in check_response\n    raise exception_class(message, screen, stacktrace)\n"}, "steps": [{"name": "Поиск элемента с ожиданием", "status": "passed", "parameters": [{"name": "locator", "value": "('xpath', './/a[@href=\"/account\"]')"}], "start": 1726550117805, "stop": 1726550117822}], "parameters": [{"name": "locator", "value": "('xpath', './/a[@href=\"/account\"]')"}], "start": 1726550117805, "stop": 1726550117830}, {"name": "поиск элемента с нажатием на него", "status": "broken", "statusDetails": {"message": "selenium.common.exceptions.ElementClickInterceptedException: Message: Element <a class=\"AppHeader_header__link__3D_hX\" href=\"/account\"> is not clickable at point (1176,44) because another element <div class=\"Modal_modal_overlay__x2ZCr\"> obscures it\nStacktrace:\nRemoteError@chrome://remote/content/shared/RemoteError.sys.mjs:8:8\nWebDriverError@chrome://remote/content/shared/webdriver/Errors.sys.mjs:193:5\nElementClickInterceptedError@chrome://remote/content/shared/webdriver/Errors.sys.mjs:337:5\nwebdriverClickElement@chrome://remote/content/marionette/interaction.sys.mjs:177:11\ninteraction.clickElement@chrome://remote/content/marionette/interaction.sys.mjs:136:11\nclickElement@chrome://remote/content/marionette/actors/MarionetteCommandsChild.sys.mjs:205:29\nreceiveMessage@chrome://remote/content/marionette/actors/MarionetteCommandsChild.sys.mjs:85:31\n\n", "trace": "  File \"C:\\Users\\User\\PycharmProjects\\Diplom\\Diplom_3\\venv\\Lib\\site-packages\\allure_commons\\_allure.py\", line 192, in impl\n    return func(*a, **kw)\n           ^^^^^^^^^^^^^^\n  File \"C:\\Users\\User\\PycharmProjects\\Diplom\\Diplom_3\\pages\\base_page.py\", line 30, in click_to_element\n    self.find_element_with_wait(locator).click()\n  File \"C:\\Users\\User\\PycharmProjects\\Diplom\\Diplom_3\\venv\\Lib\\site-packages\\selenium\\webdriver\\remote\\webelement.py\", line 94, in click\n    self._execute(Command.CLICK_ELEMENT)\n  File \"C:\\Users\\User\\PycharmProjects\\Diplom\\Diplom_3\\venv\\Lib\\site-packages\\selenium\\webdriver\\remote\\webelement.py\", line 395, in _execute\n    return self._parent.execute(command, params)\n           ^^^^^^^^^^^^^^^^^^^^^^^^^^^^^^^^^^^^^\n  File \"C:\\Users\\User\\PycharmProjects\\Diplom\\Diplom_3\\venv\\Lib\\site-packages\\selenium\\webdriver\\remote\\webdriver.py\", line 354, in execute\n    self.error_handler.check_response(response)\n  File \"C:\\Users\\User\\PycharmProjects\\Diplom\\Diplom_3\\venv\\Lib\\site-packages\\selenium\\webdriver\\remote\\errorhandler.py\", line 229, in check_response\n    raise exception_class(message, screen, stacktrace)\n"}, "steps": [{"name": "Поиск элемента с ожиданием", "status": "passed", "parameters": [{"name": "locator", "value": "('xpath', './/a[@href=\"/account\"]')"}], "start": 1726550117846, "stop": 1726550117923}], "parameters": [{"name": "locator", "value": "('xpath', './/a[@href=\"/account\"]')"}], "start": 1726550117846, "stop": 1726550117944}, {"name": "поиск элемента с нажатием на него", "status": "passed", "steps": [{"name": "Поиск элемента с ожиданием", "status": "passed", "parameters": [{"name": "locator", "value": "('xpath', './/a[@href=\"/account\"]')"}], "start": 1726550118004, "stop": 1726550118023}], "parameters": [{"name": "locator", "value": "('xpath', './/a[@href=\"/account\"]')"}], "start": 1726550118004, "stop": 1726550118240}], "parameters": [{"name": "button", "value": "('xpath', './/a[@href=\"/account\"]')"}, {"name": "locator_exception", "value": "('xpath', './/*[@class=\"Modal_modal_overlay__x2ZCr\"]')"}], "start": 1726550117753, "stop": 1726550118240}, {"name": "Поиск элемента с ожиданием", "status": "passed", "parameters": [{"name": "locator", "value": "('xpath', './/li[contains(@class, \"Account_listItem\")]//a[text() = \"Профиль\"]')"}], "start": 1726550118240, "stop": 1726550118259}], "parameters": [{"name": "button", "value": "('xpath', './/a[@href=\"/account\"]')"}, {"name": "element", "value": "('xpath', './/li[contains(@class, \"Account_listItem\")]//a[text() = \"Профиль\"]')"}, {"name": "locator_exception", "value": "('xpath', './/*[@class=\"Modal_modal_overlay__x2ZCr\"]')"}], "start": 1726550117752, "stop": 1726550118259}], "parameters": [{"name": "data_customer", "value": "{'email': 'zhfaxuch@yandex.ru', 'password': 'lutkkmzy', 'name': 'ymtoiqmt'}"}], "start": 1726550117752, "stop": 1726550118259}], "attachments": [{"name": "log", "source": "45e3b849-3db8-4b69-8806-4d9c1b3b5d45-attachment.txt", "type": "text/plain"}], "parameters": [{"name": "driver", "value": "'firefox'"}], "start": 1726550117752, "stop": 1726550118260, "uuid": "48b1bdb6-8cbb-4da3-8f34-05c0a3e14387", "historyId": "800b807df4cfb21a820020f14f3560fc", "testCaseId": "39c5be2030d8cd2e920ff2347745af4e", "fullName": "tests.test_account_page.TestAccountPage#test_login_to_personal_account_authorized", "labels": [{"name": "parentSuite", "value": "tests"}, {"name": "suite", "value": "test_account_page"}, {"name": "subSuite", "value": "TestAccountPage"}, {"name": "host", "value": "DESKTOP-Q7I2UDM"}, {"name": "thread", "value": "21020-MainThread"}, {"name": "framework", "value": "pytest"}, {"name": "language", "value": "cpython3"}, {"name": "package", "value": "tests.test_account_page"}]}