{"name": "Проверка выхода из аккаунта", "status": "passed", "description": "Открываем сайт, переходим на страницу входа и логинимся. нажимаем кнопку \"Личный кабинет\", нажимаем кнопку \"Выход\" и проверяем отображение страницы входа", "steps": [{"name": "Выход из аккаунта", "status": "passed", "steps": [{"name": "Переход по кнопке на другую страницу", "status": "passed", "steps": [{"name": "Клик по элементу с обработкой исключения", "status": "passed", "steps": [{"name": "поиск элемента с нажатием на него", "status": "broken", "statusDetails": {"message": "selenium.common.exceptions.ElementClickInterceptedException: Message: Element <a class=\"AppHeader_header__link__3D_hX\" href=\"/account\"> is not clickable at point (1176,44) because another element <div class=\"Modal_modal_overlay__x2ZCr\"> obscures it\nStacktrace:\nRemoteError@chrome://remote/content/shared/RemoteError.sys.mjs:8:8\nWebDriverError@chrome://remote/content/shared/webdriver/Errors.sys.mjs:193:5\nElementClickInterceptedError@chrome://remote/content/shared/webdriver/Errors.sys.mjs:337:5\nwebdriverClickElement@chrome://remote/content/marionette/interaction.sys.mjs:177:11\ninteraction.clickElement@chrome://remote/content/marionette/interaction.sys.mjs:136:11\nclickElement@chrome://remote/content/marionette/actors/MarionetteCommandsChild.sys.mjs:205:29\nreceiveMessage@chrome://remote/content/marionette/actors/MarionetteCommandsChild.sys.mjs:85:31\n\n", "trace": "  File \"C:\\Users\\User\\PycharmProjects\\Diplom\\Diplom_3\\venv\\Lib\\site-packages\\allure_commons\\_allure.py\", line 192, in impl\n    return func(*a, **kw)\n           ^^^^^^^^^^^^^^\n  File \"C:\\Users\\User\\PycharmProjects\\Diplom\\Diplom_3\\pages\\base_page.py\", line 30, in click_to_element\n    self.find_element_with_wait(locator).click()\n  File \"C:\\Users\\User\\PycharmProjects\\Diplom\\Diplom_3\\venv\\Lib\\site-packages\\selenium\\webdriver\\remote\\webelement.py\", line 94, in click\n    self._execute(Command.CLICK_ELEMENT)\n  File \"C:\\Users\\User\\PycharmProjects\\Diplom\\Diplom_3\\venv\\Lib\\site-packages\\selenium\\webdriver\\remote\\webelement.py\", line 395, in _execute\n    return self._parent.execute(command, params)\n           ^^^^^^^^^^^^^^^^^^^^^^^^^^^^^^^^^^^^^\n  File \"C:\\Users\\User\\PycharmProjects\\Diplom\\Diplom_3\\venv\\Lib\\site-packages\\selenium\\webdriver\\remote\\webdriver.py\", line 354, in execute\n    self.error_handler.check_response(response)\n  File \"C:\\Users\\User\\PycharmProjects\\Diplom\\Diplom_3\\venv\\Lib\\site-packages\\selenium\\webdriver\\remote\\errorhandler.py\", line 229, in check_response\n    raise exception_class(message, screen, stacktrace)\n"}, "steps": [{"name": "Поиск элемента с ожиданием", "status": "passed", "parameters": [{"name": "locator", "value": "('xpath', './/a[@href=\"/account\"]')"}], "start": 1726550170442, "stop": 1726550170494}], "parameters": [{"name": "locator", "value": "('xpath', './/a[@href=\"/account\"]')"}], "start": 1726550170442, "stop": 1726550170502}, {"name": "поиск элемента с нажатием на него", "status": "broken", "statusDetails": {"message": "selenium.common.exceptions.ElementClickInterceptedException: Message: Element <a class=\"AppHeader_header__link__3D_hX\" href=\"/account\"> is not clickable at point (1176,44) because another element <div class=\"Modal_modal_overlay__x2ZCr\"> obscures it\nStacktrace:\nRemoteError@chrome://remote/content/shared/RemoteError.sys.mjs:8:8\nWebDriverError@chrome://remote/content/shared/webdriver/Errors.sys.mjs:193:5\nElementClickInterceptedError@chrome://remote/content/shared/webdriver/Errors.sys.mjs:337:5\nwebdriverClickElement@chrome://remote/content/marionette/interaction.sys.mjs:177:11\ninteraction.clickElement@chrome://remote/content/marionette/interaction.sys.mjs:136:11\nclickElement@chrome://remote/content/marionette/actors/MarionetteCommandsChild.sys.mjs:205:29\nreceiveMessage@chrome://remote/content/marionette/actors/MarionetteCommandsChild.sys.mjs:85:31\n\n", "trace": "  File \"C:\\Users\\User\\PycharmProjects\\Diplom\\Diplom_3\\venv\\Lib\\site-packages\\allure_commons\\_allure.py\", line 192, in impl\n    return func(*a, **kw)\n           ^^^^^^^^^^^^^^\n  File \"C:\\Users\\User\\PycharmProjects\\Diplom\\Diplom_3\\pages\\base_page.py\", line 30, in click_to_element\n    self.find_element_with_wait(locator).click()\n  File \"C:\\Users\\User\\PycharmProjects\\Diplom\\Diplom_3\\venv\\Lib\\site-packages\\selenium\\webdriver\\remote\\webelement.py\", line 94, in click\n    self._execute(Command.CLICK_ELEMENT)\n  File \"C:\\Users\\User\\PycharmProjects\\Diplom\\Diplom_3\\venv\\Lib\\site-packages\\selenium\\webdriver\\remote\\webelement.py\", line 395, in _execute\n    return self._parent.execute(command, params)\n           ^^^^^^^^^^^^^^^^^^^^^^^^^^^^^^^^^^^^^\n  File \"C:\\Users\\User\\PycharmProjects\\Diplom\\Diplom_3\\venv\\Lib\\site-packages\\selenium\\webdriver\\remote\\webdriver.py\", line 354, in execute\n    self.error_handler.check_response(response)\n  File \"C:\\Users\\User\\PycharmProjects\\Diplom\\Diplom_3\\venv\\Lib\\site-packages\\selenium\\webdriver\\remote\\errorhandler.py\", line 229, in check_response\n    raise exception_class(message, screen, stacktrace)\n"}, "steps": [{"name": "Поиск элемента с ожиданием", "status": "passed", "parameters": [{"name": "locator", "value": "('xpath', './/a[@href=\"/account\"]')"}], "start": 1726550170516, "stop": 1726550170539}], "parameters": [{"name": "locator", "value": "('xpath', './/a[@href=\"/account\"]')"}], "start": 1726550170516, "stop": 1726550170544}, {"name": "поиск элемента с нажатием на него", "status": "broken", "statusDetails": {"message": "selenium.common.exceptions.ElementClickInterceptedException: Message: Element <a class=\"AppHeader_header__link__3D_hX\" href=\"/account\"> is not clickable at point (1176,44) because another element <div class=\"Modal_modal_overlay__x2ZCr\"> obscures it\nStacktrace:\nRemoteError@chrome://remote/content/shared/RemoteError.sys.mjs:8:8\nWebDriverError@chrome://remote/content/shared/webdriver/Errors.sys.mjs:193:5\nElementClickInterceptedError@chrome://remote/content/shared/webdriver/Errors.sys.mjs:337:5\nwebdriverClickElement@chrome://remote/content/marionette/interaction.sys.mjs:177:11\ninteraction.clickElement@chrome://remote/content/marionette/interaction.sys.mjs:136:11\nclickElement@chrome://remote/content/marionette/actors/MarionetteCommandsChild.sys.mjs:205:29\nreceiveMessage@chrome://remote/content/marionette/actors/MarionetteCommandsChild.sys.mjs:85:31\n\n", "trace": "  File \"C:\\Users\\User\\PycharmProjects\\Diplom\\Diplom_3\\venv\\Lib\\site-packages\\allure_commons\\_allure.py\", line 192, in impl\n    return func(*a, **kw)\n           ^^^^^^^^^^^^^^\n  File \"C:\\Users\\User\\PycharmProjects\\Diplom\\Diplom_3\\pages\\base_page.py\", line 30, in click_to_element\n    self.find_element_with_wait(locator).click()\n  File \"C:\\Users\\User\\PycharmProjects\\Diplom\\Diplom_3\\venv\\Lib\\site-packages\\selenium\\webdriver\\remote\\webelement.py\", line 94, in click\n    self._execute(Command.CLICK_ELEMENT)\n  File \"C:\\Users\\User\\PycharmProjects\\Diplom\\Diplom_3\\venv\\Lib\\site-packages\\selenium\\webdriver\\remote\\webelement.py\", line 395, in _execute\n    return self._parent.execute(command, params)\n           ^^^^^^^^^^^^^^^^^^^^^^^^^^^^^^^^^^^^^\n  File \"C:\\Users\\User\\PycharmProjects\\Diplom\\Diplom_3\\venv\\Lib\\site-packages\\selenium\\webdriver\\remote\\webdriver.py\", line 354, in execute\n    self.error_handler.check_response(response)\n  File \"C:\\Users\\User\\PycharmProjects\\Diplom\\Diplom_3\\venv\\Lib\\site-packages\\selenium\\webdriver\\remote\\errorhandler.py\", line 229, in check_response\n    raise exception_class(message, screen, stacktrace)\n"}, "steps": [{"name": "Поиск элемента с ожиданием", "status": "passed", "parameters": [{"name": "locator", "value": "('xpath', './/a[@href=\"/account\"]')"}], "start": 1726550170560, "stop": 1726550170577}], "parameters": [{"name": "locator", "value": "('xpath', './/a[@href=\"/account\"]')"}], "start": 1726550170560, "stop": 1726550170585}, {"name": "поиск элемента с нажатием на него", "status": "broken", "statusDetails": {"message": "selenium.common.exceptions.ElementClickInterceptedException: Message: Element <a class=\"AppHeader_header__link__3D_hX\" href=\"/account\"> is not clickable at point (1176,44) because another element <div class=\"Modal_modal_overlay__x2ZCr\"> obscures it\nStacktrace:\nRemoteError@chrome://remote/content/shared/RemoteError.sys.mjs:8:8\nWebDriverError@chrome://remote/content/shared/webdriver/Errors.sys.mjs:193:5\nElementClickInterceptedError@chrome://remote/content/shared/webdriver/Errors.sys.mjs:337:5\nwebdriverClickElement@chrome://remote/content/marionette/interaction.sys.mjs:177:11\ninteraction.clickElement@chrome://remote/content/marionette/interaction.sys.mjs:136:11\nclickElement@chrome://remote/content/marionette/actors/MarionetteCommandsChild.sys.mjs:205:29\nreceiveMessage@chrome://remote/content/marionette/actors/MarionetteCommandsChild.sys.mjs:85:31\n\n", "trace": "  File \"C:\\Users\\User\\PycharmProjects\\Diplom\\Diplom_3\\venv\\Lib\\site-packages\\allure_commons\\_allure.py\", line 192, in impl\n    return func(*a, **kw)\n           ^^^^^^^^^^^^^^\n  File \"C:\\Users\\User\\PycharmProjects\\Diplom\\Diplom_3\\pages\\base_page.py\", line 30, in click_to_element\n    self.find_element_with_wait(locator).click()\n  File \"C:\\Users\\User\\PycharmProjects\\Diplom\\Diplom_3\\venv\\Lib\\site-packages\\selenium\\webdriver\\remote\\webelement.py\", line 94, in click\n    self._execute(Command.CLICK_ELEMENT)\n  File \"C:\\Users\\User\\PycharmProjects\\Diplom\\Diplom_3\\venv\\Lib\\site-packages\\selenium\\webdriver\\remote\\webelement.py\", line 395, in _execute\n    return self._parent.execute(command, params)\n           ^^^^^^^^^^^^^^^^^^^^^^^^^^^^^^^^^^^^^\n  File \"C:\\Users\\User\\PycharmProjects\\Diplom\\Diplom_3\\venv\\Lib\\site-packages\\selenium\\webdriver\\remote\\webdriver.py\", line 354, in execute\n    self.error_handler.check_response(response)\n  File \"C:\\Users\\User\\PycharmProjects\\Diplom\\Diplom_3\\venv\\Lib\\site-packages\\selenium\\webdriver\\remote\\errorhandler.py\", line 229, in check_response\n    raise exception_class(message, screen, stacktrace)\n"}, "steps": [{"name": "Поиск элемента с ожиданием", "status": "passed", "parameters": [{"name": "locator", "value": "('xpath', './/a[@href=\"/account\"]')"}], "start": 1726550170601, "stop": 1726550170618}], "parameters": [{"name": "locator", "value": "('xpath', './/a[@href=\"/account\"]')"}], "start": 1726550170600, "stop": 1726550170625}, {"name": "поиск элемента с нажатием на него", "status": "passed", "steps": [{"name": "Поиск элемента с ожиданием", "status": "passed", "parameters": [{"name": "locator", "value": "('xpath', './/a[@href=\"/account\"]')"}], "start": 1726550170639, "stop": 1726550170656}], "parameters": [{"name": "locator", "value": "('xpath', './/a[@href=\"/account\"]')"}], "start": 1726550170639, "stop": 1726550170883}], "parameters": [{"name": "button", "value": "('xpath', './/a[@href=\"/account\"]')"}, {"name": "locator_exception", "value": "('xpath', './/*[@class=\"Modal_modal_overlay__x2ZCr\"]')"}], "start": 1726550170442, "stop": 1726550170883}, {"name": "Поиск элемента с ожиданием", "status": "passed", "parameters": [{"name": "locator", "value": "('xpath', './/li[contains(@class, \"Account_listItem\")]//a[text() = \"Профиль\"]')"}], "start": 1726550170883, "stop": 1726550170902}], "parameters": [{"name": "button", "value": "('xpath', './/a[@href=\"/account\"]')"}, {"name": "element", "value": "('xpath', './/li[contains(@class, \"Account_listItem\")]//a[text() = \"Профиль\"]')"}, {"name": "locator_exception", "value": "('xpath', './/*[@class=\"Modal_modal_overlay__x2ZCr\"]')"}], "start": 1726550170442, "stop": 1726550170902}, {"name": "Переход по кнопке на другую страницу", "status": "passed", "steps": [{"name": "Клик по элементу с обработкой исключения", "status": "passed", "steps": [{"name": "поиск элемента с нажатием на него", "status": "broken", "statusDetails": {"message": "selenium.common.exceptions.ElementClickInterceptedException: Message: Element <button class=\"Account_button__14Yp3 text text_type_main-medium text_color_inactive\" type=\"button\"> is not clickable at point (56,373) because another element <div class=\"Modal_modal_overlay__x2ZCr\"> obscures it\nStacktrace:\nRemoteError@chrome://remote/content/shared/RemoteError.sys.mjs:8:8\nWebDriverError@chrome://remote/content/shared/webdriver/Errors.sys.mjs:193:5\nElementClickInterceptedError@chrome://remote/content/shared/webdriver/Errors.sys.mjs:337:5\nwebdriverClickElement@chrome://remote/content/marionette/interaction.sys.mjs:177:11\ninteraction.clickElement@chrome://remote/content/marionette/interaction.sys.mjs:136:11\nclickElement@chrome://remote/content/marionette/actors/MarionetteCommandsChild.sys.mjs:205:29\nreceiveMessage@chrome://remote/content/marionette/actors/MarionetteCommandsChild.sys.mjs:85:31\n\n", "trace": "  File \"C:\\Users\\User\\PycharmProjects\\Diplom\\Diplom_3\\venv\\Lib\\site-packages\\allure_commons\\_allure.py\", line 192, in impl\n    return func(*a, **kw)\n           ^^^^^^^^^^^^^^\n  File \"C:\\Users\\User\\PycharmProjects\\Diplom\\Diplom_3\\pages\\base_page.py\", line 30, in click_to_element\n    self.find_element_with_wait(locator).click()\n  File \"C:\\Users\\User\\PycharmProjects\\Diplom\\Diplom_3\\venv\\Lib\\site-packages\\selenium\\webdriver\\remote\\webelement.py\", line 94, in click\n    self._execute(Command.CLICK_ELEMENT)\n  File \"C:\\Users\\User\\PycharmProjects\\Diplom\\Diplom_3\\venv\\Lib\\site-packages\\selenium\\webdriver\\remote\\webelement.py\", line 395, in _execute\n    return self._parent.execute(command, params)\n           ^^^^^^^^^^^^^^^^^^^^^^^^^^^^^^^^^^^^^\n  File \"C:\\Users\\User\\PycharmProjects\\Diplom\\Diplom_3\\venv\\Lib\\site-packages\\selenium\\webdriver\\remote\\webdriver.py\", line 354, in execute\n    self.error_handler.check_response(response)\n  File \"C:\\Users\\User\\PycharmProjects\\Diplom\\Diplom_3\\venv\\Lib\\site-packages\\selenium\\webdriver\\remote\\errorhandler.py\", line 229, in check_response\n    raise exception_class(message, screen, stacktrace)\n"}, "steps": [{"name": "Поиск элемента с ожиданием", "status": "passed", "parameters": [{"name": "locator", "value": "('xpath', './/button[text()=\"Выход\"]')"}], "start": 1726550170903, "stop": 1726550170923}], "parameters": [{"name": "locator", "value": "('xpath', './/button[text()=\"Выход\"]')"}], "start": 1726550170903, "stop": 1726550170933}, {"name": "поиск элемента с нажатием на него", "status": "broken", "statusDetails": {"message": "selenium.common.exceptions.ElementClickInterceptedException: Message: Element <button class=\"Account_button__14Yp3 text text_type_main-medium text_color_inactive\" type=\"button\"> is not clickable at point (56,373) because another element <div class=\"Modal_modal_overlay__x2ZCr\"> obscures it\nStacktrace:\nRemoteError@chrome://remote/content/shared/RemoteError.sys.mjs:8:8\nWebDriverError@chrome://remote/content/shared/webdriver/Errors.sys.mjs:193:5\nElementClickInterceptedError@chrome://remote/content/shared/webdriver/Errors.sys.mjs:337:5\nwebdriverClickElement@chrome://remote/content/marionette/interaction.sys.mjs:177:11\ninteraction.clickElement@chrome://remote/content/marionette/interaction.sys.mjs:136:11\nclickElement@chrome://remote/content/marionette/actors/MarionetteCommandsChild.sys.mjs:205:29\nreceiveMessage@chrome://remote/content/marionette/actors/MarionetteCommandsChild.sys.mjs:85:31\n\n", "trace": "  File \"C:\\Users\\User\\PycharmProjects\\Diplom\\Diplom_3\\venv\\Lib\\site-packages\\allure_commons\\_allure.py\", line 192, in impl\n    return func(*a, **kw)\n           ^^^^^^^^^^^^^^\n  File \"C:\\Users\\User\\PycharmProjects\\Diplom\\Diplom_3\\pages\\base_page.py\", line 30, in click_to_element\n    self.find_element_with_wait(locator).click()\n  File \"C:\\Users\\User\\PycharmProjects\\Diplom\\Diplom_3\\venv\\Lib\\site-packages\\selenium\\webdriver\\remote\\webelement.py\", line 94, in click\n    self._execute(Command.CLICK_ELEMENT)\n  File \"C:\\Users\\User\\PycharmProjects\\Diplom\\Diplom_3\\venv\\Lib\\site-packages\\selenium\\webdriver\\remote\\webelement.py\", line 395, in _execute\n    return self._parent.execute(command, params)\n           ^^^^^^^^^^^^^^^^^^^^^^^^^^^^^^^^^^^^^\n  File \"C:\\Users\\User\\PycharmProjects\\Diplom\\Diplom_3\\venv\\Lib\\site-packages\\selenium\\webdriver\\remote\\webdriver.py\", line 354, in execute\n    self.error_handler.check_response(response)\n  File \"C:\\Users\\User\\PycharmProjects\\Diplom\\Diplom_3\\venv\\Lib\\site-packages\\selenium\\webdriver\\remote\\errorhandler.py\", line 229, in check_response\n    raise exception_class(message, screen, stacktrace)\n"}, "steps": [{"name": "Поиск элемента с ожиданием", "status": "passed", "parameters": [{"name": "locator", "value": "('xpath', './/button[text()=\"Выход\"]')"}], "start": 1726550170945, "stop": 1726550170961}], "parameters": [{"name": "locator", "value": "('xpath', './/button[text()=\"Выход\"]')"}], "start": 1726550170944, "stop": 1726550170967}, {"name": "поиск элемента с нажатием на него", "status": "passed", "steps": [{"name": "Поиск элемента с ожиданием", "status": "passed", "parameters": [{"name": "locator", "value": "('xpath', './/button[text()=\"Выход\"]')"}], "start": 1726550170982, "stop": 1726550170997}], "parameters": [{"name": "locator", "value": "('xpath', './/button[text()=\"Выход\"]')"}], "start": 1726550170982, "stop": 1726550171210}], "parameters": [{"name": "button", "value": "('xpath', './/button[text()=\"Выход\"]')"}, {"name": "locator_exception", "value": "('xpath', './/*[@class=\"Modal_modal_overlay__x2ZCr\"]')"}], "start": 1726550170903, "stop": 1726550171210}, {"name": "Поиск элемента с ожиданием", "status": "passed", "parameters": [{"name": "locator", "value": "('xpath', '.// h2[text() = \"Вход\"]')"}], "start": 1726550171210, "stop": 1726550171743}], "parameters": [{"name": "button", "value": "('xpath', './/button[text()=\"Выход\"]')"}, {"name": "element", "value": "('xpath', '.// h2[text() = \"Вход\"]')"}, {"name": "locator_exception", "value": "('xpath', './/*[@class=\"Modal_modal_overlay__x2ZCr\"]')"}], "start": 1726550170903, "stop": 1726550171744}], "parameters": [{"name": "data_customer", "value": "{'email': 'laeeopnw@yandex.ru', 'password': 'fwiqyqwo', 'name': 'zojakvdk'}"}], "start": 1726550170442, "stop": 1726550171744}], "attachments": [{"name": "log", "source": "606684ca-a117-4921-ae33-d0a7b1bb4c70-attachment.txt", "type": "text/plain"}], "parameters": [{"name": "driver", "value": "'firefox'"}], "start": 1726550170442, "stop": 1726550171744, "uuid": "38d06db3-6a9c-4bbc-a062-ea7884ce2240", "historyId": "c05215ba21465e0ed0f72ff20c0b73fa", "testCaseId": "234bef1531cabae5b890e1eb084d2a94", "fullName": "tests.test_account_page.TestAccountPage#test_logout_from_account", "labels": [{"name": "parentSuite", "value": "tests"}, {"name": "suite", "value": "test_account_page"}, {"name": "subSuite", "value": "TestAccountPage"}, {"name": "host", "value": "DESKTOP-Q7I2UDM"}, {"name": "thread", "value": "21020-MainThread"}, {"name": "framework", "value": "pytest"}, {"name": "language", "value": "cpython3"}, {"name": "package", "value": "tests.test_account_page"}]}